Using pre-set license
Built from '2020.3/staging' branch; Version is '2020.3.0f1 (c7b5465681fb) revision 13088070'; Using compiler version '192528614'; Build Type 'Release'
OS: 'Windows 10 Pro; OS build 19043.1766; Version 2009; 64bit' Language: 'fr' Physical Memory: 16310 MB
BatchMode: 1, IsHumanControllingUs: 0, StartBugReporterOnCrash: 0, Is64bit: 1, IsPro: 0

 COMMAND LINE ARGUMENTS:
C:\Program Files\Unity\Hub\Editor\2020.3.0f1\Editor\Unity.exe
-adb2
-batchMode
-noUpm
-name
AssetImportWorker0
-projectPath
C:/Users/conta/Documents/unity/2dgame
-logFile
Logs/AssetImportWorker0.log
-srvPort
55995
Successfully changed project path to: C:/Users/conta/Documents/unity/2dgame
C:/Users/conta/Documents/unity/2dgame
Using Asset Import Pipeline V2.
Refreshing native plugins compatible for Editor in 52.57 ms, found 1 plugins.
Preloading 0 native plugins for Editor in 0.00 ms.
Initialize engine version: 2020.3.0f1 (c7b5465681fb)
[Subsystems] Discovering subsystems at path C:/Program Files/Unity/Hub/Editor/2020.3.0f1/Editor/Data/Resources/UnitySubsystems
[Subsystems] Discovering subsystems at path C:/Users/conta/Documents/unity/2dgame/Assets
GfxDevice: creating device client; threaded=0
Direct3D:
    Version:  Direct3D 11.0 [level 11.1]
    Renderer: AMD Radeon RX 5600 XT (ID=0x731f)
    Vendor:   
    VRAM:     6103 MB
    Driver:   30.0.15021.11005
Initialize mono
Mono path[0] = 'C:/Program Files/Unity/Hub/Editor/2020.3.0f1/Editor/Data/Managed'
Mono path[1] = 'C:/Program Files/Unity/Hub/Editor/2020.3.0f1/Editor/Data/MonoBleedingEdge/lib/mono/unityjit'
Mono config path = 'C:/Program Files/Unity/Hub/Editor/2020.3.0f1/Editor/Data/MonoBleedingEdge/etc'
Using monoOptions --debugger-agent=transport=dt_socket,embedding=1,server=y,suspend=n,address=127.0.0.1:56340
Begin MonoManager ReloadAssembly
Registering precompiled unity dll's ...
Register platform support module: C:/Program Files/Unity/Hub/Editor/2020.3.0f1/Editor/Data/PlaybackEngines/WindowsStandaloneSupport/UnityEditor.WindowsStandalone.Extensions.dll
Registered in 0.002275 seconds.
Native extension for WindowsStandalone target not found
Refreshing native plugins compatible for Editor in 45.96 ms, found 1 plugins.
Preloading 0 native plugins for Editor in 0.00 ms.
Invoked RoslynAnalysisRunner static constructor.
RoslynAnalysisRunner will not be running.
RoslynAnalysisRunner has terminated.
Mono: successfully reloaded assembly
- Completed reload, in  3.754 seconds
Platform modules already initialized, skipping
Registering precompiled user dll's ...
Registered in 0.000994 seconds.
Begin MonoManager ReloadAssembly
Native extension for WindowsStandalone target not found
Refreshing native plugins compatible for Editor in 50.29 ms, found 1 plugins.
Preloading 0 native plugins for Editor in 0.00 ms.
Invoked RoslynAnalysisRunner static constructor.
RoslynAnalysisRunner will not be running.
RoslynAnalysisRunner has terminated.
Mono: successfully reloaded assembly
- Completed reload, in  0.769 seconds
Platform modules already initialized, skipping
========================================================================
Worker process is ready to serve import requests
Launched and connected shader compiler UnityShaderCompiler.exe after 0.05 seconds
Refreshing native plugins compatible for Editor in 0.68 ms, found 1 plugins.
Preloading 0 native plugins for Editor in 0.00 ms.
Unloading 1841 Unused Serialized files (Serialized files now loaded: 0)
System memory in use before: 88.0 MB.
System memory in use after: 88.0 MB.

Unloading 24 unused Assets to reduce memory usage. Loaded Objects now: 2285.
Total: 1.775900 ms (FindLiveObjects: 0.229700 ms CreateObjectMapping: 0.048700 ms MarkObjects: 1.386100 ms  DeleteObjects: 0.110400 ms)

========================================================================
Received Import Request.
  path: Assets/Scenes/MenuPrincipal.unity
  artifactKey: Guid(6e8fb9515e76ea74b88f267ff7608c78) Importer(815301076,1909f56bfc062723c751e8b465ee728b)
Start importing Assets/Scenes/MenuPrincipal.unity using Guid(6e8fb9515e76ea74b88f267ff7608c78) Importer(815301076,1909f56bfc062723c751e8b465ee728b)  -> (artifact id: '154ab5e3461306d26d2cff1b4ed935e2') in 0.011196 seconds
  Import took 0.014477 seconds .

========================================================================
Received Import Request.
  Time since last request: 166.964157 seconds.
  path: Assets/Prefabs/GameManager.prefab
  artifactKey: Guid(c642c187b25c0d44887dab02c3b2a2db) Importer(815301076,1909f56bfc062723c751e8b465ee728b)
Start importing Assets/Prefabs/GameManager.prefab using Guid(c642c187b25c0d44887dab02c3b2a2db) Importer(815301076,1909f56bfc062723c751e8b465ee728b)  -> (artifact id: '8ad3441e58bd5265ae3b5c04f9f16e84') in 0.069963 seconds
  Import took 0.075406 seconds .

========================================================================
Received Import Request.
  Time since last request: 0.000223 seconds.
  path: Assets/Prefabs/NPC_Merchant.prefab
  artifactKey: Guid(8caf36d763651844a8e8ac0f1ddf9e65) Importer(815301076,1909f56bfc062723c751e8b465ee728b)
Start importing Assets/Prefabs/NPC_Merchant.prefab using Guid(8caf36d763651844a8e8ac0f1ddf9e65) Importer(815301076,1909f56bfc062723c751e8b465ee728b)  -> (artifact id: 'f7bed7c64db31eec0b48b46371453f8e') in 0.066132 seconds
  Import took 0.070587 seconds .

========================================================================
Received Import Request.
  Time since last request: 0.000260 seconds.
  path: Assets/Prefabs/GameManager.prefab
  artifactKey: Guid(c642c187b25c0d44887dab02c3b2a2db) Importer(815301076,1909f56bfc062723c751e8b465ee728b)
Start importing Assets/Prefabs/GameManager.prefab using Guid(c642c187b25c0d44887dab02c3b2a2db) Importer(815301076,1909f56bfc062723c751e8b465ee728b)  -> (artifact id: '8ad3441e58bd5265ae3b5c04f9f16e84') in 0.007126 seconds
  Import took 0.012013 seconds .

========================================================================
Received Import Request.
  Time since last request: 0.000276 seconds.
  path: Assets/Prefabs/NPC_Merchant.prefab
  artifactKey: Guid(8caf36d763651844a8e8ac0f1ddf9e65) Importer(815301076,1909f56bfc062723c751e8b465ee728b)
Start importing Assets/Prefabs/NPC_Merchant.prefab using Guid(8caf36d763651844a8e8ac0f1ddf9e65) Importer(815301076,1909f56bfc062723c751e8b465ee728b)  -> (artifact id: 'f7bed7c64db31eec0b48b46371453f8e') in 0.011140 seconds
  Import took 0.014382 seconds .

========================================================================
Received Prepare
Registering precompiled user dll's ...
Registered in 0.001412 seconds.
Begin MonoManager ReloadAssembly
Native extension for WindowsStandalone target not found
Refreshing native plugins compatible for Editor in 0.66 ms, found 1 plugins.
Preloading 0 native plugins for Editor in 0.00 ms.
Invoked RoslynAnalysisRunner static constructor.
RoslynAnalysisRunner will not be running.
RoslynAnalysisRunner has terminated.
Mono: successfully reloaded assembly
- Completed reload, in  0.686 seconds
Platform modules already initialized, skipping
Refreshing native plugins compatible for Editor in 0.60 ms, found 1 plugins.
Preloading 0 native plugins for Editor in 0.00 ms.
Unloading 1836 Unused Serialized files (Serialized files now loaded: 0)
System memory in use before: 91.1 MB.
System memory in use after: 91.1 MB.

Unloading 12 unused Assets to reduce memory usage. Loaded Objects now: 2296.
Total: 1.732400 ms (FindLiveObjects: 0.208900 ms CreateObjectMapping: 0.036400 ms MarkObjects: 1.393600 ms  DeleteObjects: 0.092500 ms)

AssetImportWorkerClient::OnTransportError - code=2 error=End of file
