Using pre-set license
Built from '2020.3/staging' branch; Version is '2020.3.0f1 (c7b5465681fb) revision 13088070'; Using compiler version '192528614'; Build Type 'Release'
OS: 'Windows 10 Pro; OS build 19043.1766; Version 2009; 64bit' Language: 'fr' Physical Memory: 16310 MB
BatchMode: 1, IsHumanControllingUs: 0, StartBugReporterOnCrash: 0, Is64bit: 1, IsPro: 0

 COMMAND LINE ARGUMENTS:
C:\Program Files\Unity\Hub\Editor\2020.3.0f1\Editor\Unity.exe
-adb2
-batchMode
-noUpm
-name
AssetImportWorker0
-projectPath
C:/Users/conta/Documents/unity/2dgame
-logFile
Logs/AssetImportWorker0.log
-srvPort
57812
Successfully changed project path to: C:/Users/conta/Documents/unity/2dgame
C:/Users/conta/Documents/unity/2dgame
Using Asset Import Pipeline V2.
Refreshing native plugins compatible for Editor in 52.84 ms, found 1 plugins.
Preloading 0 native plugins for Editor in 0.00 ms.
Initialize engine version: 2020.3.0f1 (c7b5465681fb)
[Subsystems] Discovering subsystems at path C:/Program Files/Unity/Hub/Editor/2020.3.0f1/Editor/Data/Resources/UnitySubsystems
[Subsystems] Discovering subsystems at path C:/Users/conta/Documents/unity/2dgame/Assets
GfxDevice: creating device client; threaded=0
Direct3D:
    Version:  Direct3D 11.0 [level 11.1]
    Renderer: AMD Radeon RX 5600 XT (ID=0x731f)
    Vendor:   
    VRAM:     6103 MB
    Driver:   30.0.15021.11005
Initialize mono
Mono path[0] = 'C:/Program Files/Unity/Hub/Editor/2020.3.0f1/Editor/Data/Managed'
Mono path[1] = 'C:/Program Files/Unity/Hub/Editor/2020.3.0f1/Editor/Data/MonoBleedingEdge/lib/mono/unityjit'
Mono config path = 'C:/Program Files/Unity/Hub/Editor/2020.3.0f1/Editor/Data/MonoBleedingEdge/etc'
Using monoOptions --debugger-agent=transport=dt_socket,embedding=1,server=y,suspend=n,address=127.0.0.1:56648
Begin MonoManager ReloadAssembly
Registering precompiled unity dll's ...
Register platform support module: C:/Program Files/Unity/Hub/Editor/2020.3.0f1/Editor/Data/PlaybackEngines/WindowsStandaloneSupport/UnityEditor.WindowsStandalone.Extensions.dll
Registered in 0.002297 seconds.
Native extension for WindowsStandalone target not found
Refreshing native plugins compatible for Editor in 49.19 ms, found 1 plugins.
Preloading 0 native plugins for Editor in 0.00 ms.
Invoked RoslynAnalysisRunner static constructor.
RoslynAnalysisRunner will not be running.
RoslynAnalysisRunner has terminated.
Mono: successfully reloaded assembly
- Completed reload, in  0.993 seconds
Platform modules already initialized, skipping
Registering precompiled user dll's ...
Registered in 0.001190 seconds.
Begin MonoManager ReloadAssembly
Native extension for WindowsStandalone target not found
Refreshing native plugins compatible for Editor in 50.36 ms, found 1 plugins.
Preloading 0 native plugins for Editor in 0.00 ms.
Invoked RoslynAnalysisRunner static constructor.
RoslynAnalysisRunner will not be running.
RoslynAnalysisRunner has terminated.
Mono: successfully reloaded assembly
- Completed reload, in  0.824 seconds
Platform modules already initialized, skipping
========================================================================
Worker process is ready to serve import requests
Launched and connected shader compiler UnityShaderCompiler.exe after 0.04 seconds
Refreshing native plugins compatible for Editor in 0.64 ms, found 1 plugins.
Preloading 0 native plugins for Editor in 0.00 ms.
Unloading 1841 Unused Serialized files (Serialized files now loaded: 0)
System memory in use before: 88.0 MB.
System memory in use after: 88.0 MB.

Unloading 24 unused Assets to reduce memory usage. Loaded Objects now: 2285.
Total: 2.114200 ms (FindLiveObjects: 0.220000 ms CreateObjectMapping: 0.037300 ms MarkObjects: 1.733400 ms  DeleteObjects: 0.122300 ms)

========================================================================
Received Import Request.
  path: Assets/Scenes/Level02.unity
  artifactKey: Guid(b5d43eb4ceb3ab84db01d099c21f704e) Importer(815301076,1909f56bfc062723c751e8b465ee728b)
Start importing Assets/Scenes/Level02.unity using Guid(b5d43eb4ceb3ab84db01d099c21f704e) Importer(815301076,1909f56bfc062723c751e8b465ee728b)  -> (artifact id: '47326b5f3b4951f62a51676b05434dce') in 0.010079 seconds
  Import took 0.013346 seconds .

========================================================================
Received Import Request.
  Time since last request: 17.734240 seconds.
  path: Assets/Scenes/Level02 1.unity
  artifactKey: Guid(6cc265690b0367841a75b2aad4a28e44) Importer(815301076,1909f56bfc062723c751e8b465ee728b)
Start importing Assets/Scenes/Level02 1.unity using Guid(6cc265690b0367841a75b2aad4a28e44) Importer(815301076,1909f56bfc062723c751e8b465ee728b)  -> (artifact id: '969d0e745337851a3f8b2b4ac129a2b5') in 0.002545 seconds
  Import took 0.005784 seconds .

========================================================================
Received Import Request.
  Time since last request: 14.388751 seconds.
  path: Assets/Scenes/Level02_.unity
  artifactKey: Guid(6cc265690b0367841a75b2aad4a28e44) Importer(815301076,1909f56bfc062723c751e8b465ee728b)
Start importing Assets/Scenes/Level02_.unity using Guid(6cc265690b0367841a75b2aad4a28e44) Importer(815301076,1909f56bfc062723c751e8b465ee728b)  -> (artifact id: '683f64871a0aa97337af5e64af56fa9d') in 0.002658 seconds
  Import took 0.005677 seconds .

========================================================================
Received Import Request.
  Time since last request: 12.126789 seconds.
  path: Assets/Scenes/Level01_.unity
  artifactKey: Guid(6cc265690b0367841a75b2aad4a28e44) Importer(815301076,1909f56bfc062723c751e8b465ee728b)
Start importing Assets/Scenes/Level01_.unity using Guid(6cc265690b0367841a75b2aad4a28e44) Importer(815301076,1909f56bfc062723c751e8b465ee728b)  -> (artifact id: '9e797a90f40ec834db9ba7d728246e0d') in 0.002469 seconds
  Import took 0.005540 seconds .

========================================================================
Received Import Request.
  Time since last request: 96.449803 seconds.
  path: Assets/Scenes/Level01.unity
  artifactKey: Guid(38b1f82cd0cee014b8b02bffd60aae29) Importer(815301076,1909f56bfc062723c751e8b465ee728b)
Start importing Assets/Scenes/Level01.unity using Guid(38b1f82cd0cee014b8b02bffd60aae29) Importer(815301076,1909f56bfc062723c751e8b465ee728b)  -> (artifact id: 'fff858880baab80b288a32ff4f7e7b03') in 0.002897 seconds
  Import took 0.006078 seconds .

========================================================================
Received Prepare
Registering precompiled user dll's ...
Registered in 0.001233 seconds.
Begin MonoManager ReloadAssembly
Native extension for WindowsStandalone target not found
Refreshing native plugins compatible for Editor in 0.76 ms, found 1 plugins.
Preloading 0 native plugins for Editor in 0.00 ms.
Invoked RoslynAnalysisRunner static constructor.
RoslynAnalysisRunner will not be running.
RoslynAnalysisRunner has terminated.
Mono: successfully reloaded assembly
- Completed reload, in  0.782 seconds
Platform modules already initialized, skipping
Refreshing native plugins compatible for Editor in 0.67 ms, found 1 plugins.
Preloading 0 native plugins for Editor in 0.00 ms.
Unloading 1836 Unused Serialized files (Serialized files now loaded: 0)
System memory in use before: 88.0 MB.
System memory in use after: 88.0 MB.

Unloading 12 unused Assets to reduce memory usage. Loaded Objects now: 2289.
Total: 1.972000 ms (FindLiveObjects: 0.298600 ms CreateObjectMapping: 0.108800 ms MarkObjects: 1.454000 ms  DeleteObjects: 0.109400 ms)

========================================================================
Received Import Request.
  Time since last request: 126.730194 seconds.
  path: Assets/Scenes/Level01_.unity
  artifactKey: Guid(6cc265690b0367841a75b2aad4a28e44) Importer(815301076,1909f56bfc062723c751e8b465ee728b)
Start importing Assets/Scenes/Level01_.unity using Guid(6cc265690b0367841a75b2aad4a28e44) Importer(815301076,1909f56bfc062723c751e8b465ee728b)  -> (artifact id: '993523ffff53020861cc2dae8d5719bb') in 0.010590 seconds
  Import took 0.013493 seconds .

AssetImportWorkerClient::OnTransportError - code=2 error=End of file
